d:\lab7_git\laboratory7\lab7\debug\vc143.pdb
d:\lab7_git\laboratory7\lab7\debug\vc143.idb
d:\lab7_git\laboratory7\lab7\debug\num3_var7.obj
d:\lab7_git\laboratory7\lab7\debug\num2_var56.obj
d:\lab7_git\laboratory7\lab7\debug\num1_var6.obj
d:\lab7_git\laboratory7\lab7\debug\num4a_var7.obj
d:\lab7_git\laboratory7\lab7\debug\num4b_var7.obj
d:\lab7_git\laboratory7\lab7\debug\num4c.obj
d:\lab7_git\laboratory7\lab7\debug\num4d.obj
d:\lab7_git\laboratory7\lab7\debug\num5_var6.obj
d:\lab7_git\laboratory7\debug\lab7.exe
d:\lab7_git\laboratory7\lab7\debug\lab7.ilk
d:\lab7_git\laboratory7\debug\lab7.pdb
d:\lab7_git\laboratory7\lab7\debug\num4_var7.obj
d:\lab7_git\laboratory7\lab7\debug\source.obj
d:\lab7_git\laboratory7\lab7\debug\num3_var7.obj.enc
d:\lab7_git\laboratory7\lab7\debug\lab7.tlog\cl.command.1.tlog
d:\lab7_git\laboratory7\lab7\debug\lab7.tlog\cl.items.tlog
d:\lab7_git\laboratory7\lab7\debug\lab7.tlog\cl.read.1.tlog
d:\lab7_git\laboratory7\lab7\debug\lab7.tlog\cl.write.1.tlog
d:\lab7_git\laboratory7\lab7\debug\lab7.tlog\link.command.1.tlog
d:\lab7_git\laboratory7\lab7\debug\lab7.tlog\link.read.1.tlog
d:\lab7_git\laboratory7\lab7\debug\lab7.tlog\link.write.1.tlog
